2024-03-29 23:12:03,984 - app - INFO - Application started.
2024-03-29 23:12:11,142 - app - INFO - Menu command executed.
2024-03-29 23:12:11,142 - app.plugins.menu - INFO - Menu command executed.
2024-03-29 23:12:17,208 - app.plugins.menu - INFO - User choice: 1
2024-03-29 23:12:17,208 - app.plugins.menu - INFO - User chose Addition
2024-03-29 23:12:21,580 - app.plugins.menu - INFO - Addition operation performed.
2024-03-29 23:12:25,995 - app - INFO - Menu command executed.
2024-03-29 23:12:25,995 - app.plugins.menu - INFO - Menu command executed.
2024-03-29 23:12:28,412 - app.plugins.menu - INFO - User choice: 2
2024-03-29 23:12:28,412 - app.plugins.menu - INFO - User chose Subtraction
2024-03-29 23:12:31,516 - app.plugins.menu - INFO - Subtraction operation performed.
2024-03-29 23:12:34,416 - app - INFO - Menu command executed.
2024-03-29 23:12:34,416 - app.plugins.menu - INFO - Menu command executed.
2024-03-29 23:12:37,030 - app.plugins.menu - INFO - User choice: 3
2024-03-29 23:12:37,030 - app.plugins.menu - INFO - User chose Multiplication
2024-03-29 23:12:40,381 - app.plugins.menu - INFO - Multiplication operation performed.
2024-03-29 23:12:43,632 - app - INFO - Menu command executed.
2024-03-29 23:12:43,632 - app.plugins.menu - INFO - Menu command executed.
2024-03-29 23:12:46,553 - app.plugins.menu - INFO - User choice: 4
2024-03-29 23:12:46,553 - app.plugins.menu - INFO - User chose Division
2024-03-29 23:12:52,447 - app.plugins.menu - INFO - Division operation performed.
2024-03-29 23:12:55,050 - app - INFO - Menu command executed.
2024-03-29 23:12:55,051 - app.plugins.menu - INFO - Menu command executed.
2024-03-29 23:13:01,580 - app.plugins.menu - INFO - User choice: 5
2024-03-29 23:13:01,580 - app.plugins.menu - INFO - User chose to display history
2024-03-29 23:13:13,596 - app - INFO - Menu command executed.
2024-03-29 23:13:13,597 - app.plugins.menu - INFO - Menu command executed.
2024-03-29 23:13:19,481 - app.plugins.menu - INFO - User choice: 8
2024-03-29 23:13:19,482 - app.plugins.menu - INFO - User chose to delete entry
2024-03-29 23:13:26,103 - app - INFO - Menu command executed.
2024-03-29 23:13:26,103 - app.plugins.menu - INFO - Menu command executed.
2024-03-29 23:13:28,382 - app.plugins.menu - INFO - User choice: 5
2024-03-29 23:13:28,383 - app.plugins.menu - INFO - User chose to display history
2024-03-29 23:13:35,994 - app - INFO - Menu command executed.
2024-03-29 23:13:35,995 - app.plugins.menu - INFO - Menu command executed.
2024-03-29 23:13:41,482 - app.plugins.menu - INFO - User choice: 6
2024-03-29 23:13:41,482 - app.plugins.menu - INFO - User chose to save history
2024-03-29 23:14:11,043 - app - INFO - Menu command executed.
2024-03-29 23:14:11,043 - app.plugins.menu - INFO - Menu command executed.
2024-03-29 23:14:14,698 - app.plugins.menu - INFO - User choice: 7
2024-03-29 23:14:14,698 - app.plugins.menu - INFO - User chose to clear history
2024-03-29 23:14:18,044 - app.plugins.menu - INFO - History cleared.
2024-03-29 23:14:21,277 - app - INFO - Menu command executed.
2024-03-29 23:14:21,277 - app.plugins.menu - INFO - Menu command executed.
2024-03-29 23:14:22,222 - app.plugins.menu - INFO - User choice: 5
2024-03-29 23:14:22,222 - app.plugins.menu - INFO - User chose to display history
2024-03-29 23:14:39,303 - app - INFO - Menu command executed.
2024-03-29 23:14:39,303 - app.plugins.menu - INFO - Menu command executed.
2024-03-29 23:14:51,799 - app.plugins.menu - INFO - User choice: 9
2024-03-29 23:14:51,799 - app.plugins.menu - INFO - User chose to exit
